<?xml version="1.0" encoding="UTF-8"?>
<testng-results skipped="0" failed="0" total="1" passed="1">
  <reporter-output>
  </reporter-output>
  <suite name="Default suite" duration-ms="64922" started-at="2017-02-16T13:28:47Z" finished-at="2017-02-16T13:29:51Z">
    <groups>
    </groups>
    <test name="Default test" duration-ms="64922" started-at="2017-02-16T13:28:47Z" finished-at="2017-02-16T13:29:51Z">
      <class name="com.tests.cleartrip.tests.HomePageTest">
        <test-method status="PASS" signature="beforeTest()[pri:0, instance:com.tests.cleartrip.tests.HomePageTest@1ab3a8c8]" name="beforeTest" is-config="true" duration-ms="13087" started-at="2017-02-16T18:58:47Z" finished-at="2017-02-16T18:59:00Z">
          <reporter-output>
          </reporter-output>
        </test-method> <!-- beforeTest -->
        <test-method status="PASS" signature="verifyGreeting()[pri:0, instance:com.tests.cleartrip.tests.HomePageTest@1ab3a8c8]" name="verifyGreeting" duration-ms="51132" started-at="2017-02-16T18:59:00Z" finished-at="2017-02-16T18:59:51Z">
          <reporter-output>
          </reporter-output>
        </test-method> <!-- verifyGreeting -->
        <test-method status="PASS" signature="afterTest()[pri:0, instance:com.tests.cleartrip.tests.HomePageTest@1ab3a8c8]" name="afterTest" is-config="true" duration-ms="679" started-at="2017-02-16T18:59:51Z" finished-at="2017-02-16T18:59:51Z">
          <reporter-output>
          </reporter-output>
        </test-method> <!-- afterTest -->
      </class> <!-- com.tests.cleartrip.tests.HomePageTest -->
    </test> <!-- Default test -->
  </suite> <!-- Default suite -->
</testng-results>
